c:\users\conovma\documents\google-drive_markjconover-gmail\ece 8476 - cryptography and network security\hw 04\aes_c-project\aes-c-project\aes-c-project\debug\vc140.pdb
c:\users\conovma\documents\google-drive_markjconover-gmail\ece 8476 - cryptography and network security\hw 04\aes_c-project\aes-c-project\aes-c-project\debug\vc140.idb
c:\users\conovma\documents\google-drive_markjconover-gmail\ece 8476 - cryptography and network security\hw 04\aes_c-project\aes-c-project\aes-c-project\debug\aes.obj
c:\users\conovma\documents\google-drive_markjconover-gmail\ece 8476 - cryptography and network security\hw 04\aes_c-project\aes-c-project\aes-c-project\debug\aes_core.obj
c:\users\conovma\documents\google-drive_markjconover-gmail\ece 8476 - cryptography and network security\hw 04\aes_c-project\aes-c-project\aes-c-project\debug\main_test.obj
c:\users\conovma\documents\google-drive_markjconover-gmail\ece 8476 - cryptography and network security\hw 04\aes_c-project\aes-c-project\debug\aes-c-project.ilk
c:\users\conovma\documents\google-drive_markjconover-gmail\ece 8476 - cryptography and network security\hw 04\aes_c-project\aes-c-project\debug\aes-c-project.exe
c:\users\conovma\documents\google-drive_markjconover-gmail\ece 8476 - cryptography and network security\hw 04\aes_c-project\aes-c-project\debug\aes-c-project.pdb
c:\users\mark-desktop\documents\google-drive\ece 8476 - cryptography and network security\hw 04\aes_c-project\aes-c-project\aes-c-project\debug\aes (1).obj
c:\users\mark-desktop\documents\google-drive\ece 8476 - cryptography and network security\hw 04\aes_c-project\aes-c-project\aes-c-project\debug\aes_core.obj
c:\users\mark-desktop\documents\google-drive\ece 8476 - cryptography and network security\hw 04\aes_c-project\aes-c-project\aes-c-project\debug\main_test.obj
c:\users\mark-desktop\documents\google-drive\ece 8476 - cryptography and network security\hw 04\aes_c-project\aes-c-project\aes-c-project\debug\vc120.idb
c:\users\mark-desktop\documents\google-drive\ece 8476 - cryptography and network security\hw 04\aes_c-project\aes-c-project\aes-c-project\debug\vc140.idb
c:\users\mark-desktop\documents\google-drive\ece 8476 - cryptography and network security\hw 04\aes_c-project\aes-c-project\aes-c-project\debug\vc120.pdb
c:\users\mark-desktop\documents\google-drive\ece 8476 - cryptography and network security\hw 04\aes_c-project\aes-c-project\aes-c-project\debug\vc140.pdb
c:\users\mark-desktop\documents\google-drive\ece 8476 - cryptography and network security\hw 04\aes_c-project\aes-c-project\debug\aes-c-project.pdb
c:\users\mark-desktop\documents\google-drive\ece 8476 - cryptography and network security\hw 04\aes_c-project\aes-c-project\debug\aes-c-project.exe
c:\users\mark-desktop\documents\google-drive\ece 8476 - cryptography and network security\hw 04\aes_c-project\aes-c-project\debug\aes-c-project.ilk
c:\users\mark-desktop\documents\google-drive\ece 8476 - cryptography and network security\hw 04\aes_c-project\aes-c-project\aes-c-project\debug\aes-c-project.tlog\cl.command.1.tlog
c:\users\mark-desktop\documents\google-drive\ece 8476 - cryptography and network security\hw 04\aes_c-project\aes-c-project\aes-c-project\debug\aes-c-project.tlog\cl.read.1.tlog
c:\users\mark-desktop\documents\google-drive\ece 8476 - cryptography and network security\hw 04\aes_c-project\aes-c-project\aes-c-project\debug\aes-c-project.tlog\cl.write.1.tlog
c:\users\mark-desktop\documents\google-drive\ece 8476 - cryptography and network security\hw 04\aes_c-project\aes-c-project\aes-c-project\debug\aes-c-project.tlog\link.command.1.tlog
c:\users\mark-desktop\documents\google-drive\ece 8476 - cryptography and network security\hw 04\aes_c-project\aes-c-project\aes-c-project\debug\aes-c-project.tlog\link.read.1.tlog
c:\users\mark-desktop\documents\google-drive\ece 8476 - cryptography and network security\hw 04\aes_c-project\aes-c-project\aes-c-project\debug\aes-c-project.tlog\link.write.1.tlog
